<?xml version="1.0" encoding="UTF-8"?>
<testsuite name="ComputerRepairRequestTest" tests="2" skipped="0" failures="0" errors="0" timestamp="2023-03-07T17:21:13" hostname="DESKTOP-8PPMB1T" time="0.02">
  <properties/>
  <testcase name="First test" classname="ComputerRepairRequestTest" time="0.019"/>
  <testcase name="Second test" classname="ComputerRepairRequestTest" time="0.001"/>
  <system-out><![CDATA[]]></system-out>
  <system-err><![CDATA[]]></system-err>
</testsuite>
